# JRE version: Java(TM) SE Runtime Environment (8.0_101-b13) (build 1.8.0_101-b13)
# Java VM: Java HotSpot(TM) 64-Bit Server VM (25.101-b13 mixed mode windows-amd64 compressed oops)
Heap:
 PSYoungGen      total 222720K, used 80965K [0x00000000d5c00000, 0x00000000e4300000, 0x0000000100000000)
  eden space 208896K, 38% used [0x00000000d5c00000,0x00000000dab117f8,0x00000000e2800000)
  from space 13824K, 0% used [0x00000000e2800000,0x00000000e2800000,0x00000000e3580000)
  to   space 13824K, 0% used [0x00000000e3580000,0x00000000e3580000,0x00000000e4300000)
 ParOldGen       total 96256K, used 23962K [0x0000000081400000, 0x0000000087200000, 0x00000000d5c00000)
  object space 96256K, 24% used [0x0000000081400000,0x0000000082b66900,0x0000000087200000)
 Metaspace       used 48393K, capacity 49266K, committed 49408K, reserved 1093632K
  class space    used 5360K, capacity 5498K, committed 5632K, reserved 1048576K
GC Heap History (10 events):
Event: 800.697 GC heap before
{Heap before GC invocations=22 (full 5):
 PSYoungGen      total 184832K, used 41854K [0x00000000d5c00000, 0x00000000e4880000, 0x0000000100000000)
  eden space 169472K, 21% used [0x00000000d5c00000,0x00000000d7f14b08,0x00000000e0180000)
  from space 15360K, 38% used [0x00000000e1000000,0x00000000e15caf20,0x00000000e1f00000)
  to   space 14848K, 0% used [0x00000000e0180000,0x00000000e0180000,0x00000000e1000000)
 ParOldGen       total 96256K, used 24634K [0x0000000081400000, 0x0000000087200000, 0x00000000d5c00000)
  object space 96256K, 25% used [0x0000000081400000,0x0000000082c0eb80,0x0000000087200000)
 Metaspace       used 47727K, capacity 48464K, committed 48512K, reserved 1091584K
  class space    used 5342K, capacity 5477K, committed 5504K, reserved 1048576K
Event: 800.708 GC heap after
Heap after GC invocations=22 (full 5):
 PSYoungGen      total 184320K, used 2912K [0x00000000d5c00000, 0x00000000e4780000, 0x0000000100000000)
  eden space 169472K, 0% used [0x00000000d5c00000,0x00000000d5c00000,0x00000000e0180000)
  from space 14848K, 19% used [0x00000000e0180000,0x00000000e0458080,0x00000000e1000000)
  to   space 14336K, 0% used [0x00000000e3980000,0x00000000e3980000,0x00000000e4780000)
 ParOldGen       total 96256K, used 24642K [0x0000000081400000, 0x0000000087200000, 0x00000000d5c00000)
  object space 96256K, 25% used [0x0000000081400000,0x0000000082c10b80,0x0000000087200000)
 Metaspace       used 47727K, capacity 48464K, committed 48512K, reserved 1091584K
  class space    used 5342K, capacity 5477K, committed 5504K, reserved 1048576K
}
Event: 800.708 GC heap before
{Heap before GC invocations=23 (full 6):
 PSYoungGen      total 184320K, used 2912K [0x00000000d5c00000, 0x00000000e4780000, 0x0000000100000000)
  eden space 169472K, 0% used [0x00000000d5c00000,0x00000000d5c00000,0x00000000e0180000)
  from space 14848K, 19% used [0x00000000e0180000,0x00000000e0458080,0x00000000e1000000)
  to   space 14336K, 0% used [0x00000000e3980000,0x00000000e3980000,0x00000000e4780000)
 ParOldGen       total 96256K, used 24642K [0x0000000081400000, 0x0000000087200000, 0x00000000d5c00000)
  object space 96256K, 25% used [0x0000000081400000,0x0000000082c10b80,0x0000000087200000)
 Metaspace       used 47727K, capacity 48464K, committed 48512K, reserved 1091584K
  class space    used 5342K, capacity 5477K, committed 5504K, reserved 1048576K
Event: 800.854 GC heap after
Heap after GC invocations=23 (full 6):
 PSYoungGen      total 184320K, used 0K [0x00000000d5c00000, 0x00000000e4780000, 0x0000000100000000)
  eden space 169472K, 0% used [0x00000000d5c00000,0x00000000d5c00000,0x00000000e0180000)
  from space 14848K, 0% used [0x00000000e0180000,0x00000000e0180000,0x00000000e1000000)
  to   space 14336K, 0% used [0x00000000e3980000,0x00000000e3980000,0x00000000e4780000)
 ParOldGen       total 96256K, used 23732K [0x0000000081400000, 0x0000000087200000, 0x00000000d5c00000)
  object space 96256K, 24% used [0x0000000081400000,0x0000000082b2d120,0x0000000087200000)
 Metaspace       used 47671K, capacity 48392K, committed 48512K, reserved 1091584K
  class space    used 5337K, capacity 5465K, committed 5504K, reserved 1048576K
}
Event: 807.089 GC heap before
{Heap before GC invocations=24 (full 6):
 PSYoungGen      total 184320K, used 169472K [0x00000000d5c00000, 0x00000000e4780000, 0x0000000100000000)
  eden space 169472K, 100% used [0x00000000d5c00000,0x00000000e0180000,0x00000000e0180000)
  from space 14848K, 0% used [0x00000000e0180000,0x00000000e0180000,0x00000000e1000000)
  to   space 14336K, 0% used [0x00000000e3980000,0x00000000e3980000,0x00000000e4780000)
 ParOldGen       total 96256K, used 23732K [0x0000000081400000, 0x0000000087200000, 0x00000000d5c00000)
  object space 96256K, 24% used [0x0000000081400000,0x0000000082b2d120,0x0000000087200000)
 Metaspace       used 47961K, capacity 48746K, committed 49024K, reserved 1093632K
  class space    used 5345K, capacity 5475K, committed 5504K, reserved 1048576K
Event: 807.101 GC heap after
Heap after GC invocations=24 (full 6):
 PSYoungGen      total 218624K, used 5979K [0x00000000d5c00000, 0x00000000e4300000, 0x0000000100000000)
  eden space 208896K, 0% used [0x00000000d5c00000,0x00000000d5c00000,0x00000000e2800000)
  from space 9728K, 61% used [0x00000000e3980000,0x00000000e3f56dc0,0x00000000e4300000)
  to   space 13824K, 0% used [0x00000000e2800000,0x00000000e2800000,0x00000000e3580000)
 ParOldGen       total 96256K, used 23740K [0x0000000081400000, 0x0000000087200000, 0x00000000d5c00000)
  object space 96256K, 24% used [0x0000000081400000,0x0000000082b2f120,0x0000000087200000)
 Metaspace       used 47961K, capacity 48746K, committed 49024K, reserved 1093632K
  class space    used 5345K, capacity 5475K, committed 5504K, reserved 1048576K
}
Event: 1068.503 GC heap before
{Heap before GC invocations=25 (full 6):
 PSYoungGen      total 218624K, used 56845K [0x00000000d5c00000, 0x00000000e4300000, 0x0000000100000000)
  eden space 208896K, 24% used [0x00000000d5c00000,0x00000000d8dac8b8,0x00000000e2800000)
  from space 9728K, 61% used [0x00000000e3980000,0x00000000e3f56dc0,0x00000000e4300000)
  to   space 13824K, 0% used [0x00000000e2800000,0x00000000e2800000,0x00000000e3580000)
 ParOldGen       total 96256K, used 23740K [0x0000000081400000, 0x0000000087200000, 0x00000000d5c00000)
  object space 96256K, 24% used [0x0000000081400000,0x0000000082b2f120,0x0000000087200000)
 Metaspace       used 48361K, capacity 49188K, committed 49280K, reserved 1093632K
  class space    used 5355K, capacity 5494K, committed 5504K, reserved 1048576K
Event: 1068.508 GC heap after
Heap after GC invocations=25 (full 6):
 PSYoungGen      total 222720K, used 3040K [0x00000000d5c00000, 0x00000000e4300000, 0x0000000100000000)
  eden space 208896K, 0% used [0x00000000d5c00000,0x00000000d5c00000,0x00000000e2800000)
  from space 13824K, 21% used [0x00000000e2800000,0x00000000e2af8080,0x00000000e3580000)
  to   space 13824K, 0% used [0x00000000e3580000,0x00000000e3580000,0x00000000e4300000)
 ParOldGen       total 96256K, used 23748K [0x0000000081400000, 0x0000000087200000, 0x00000000d5c00000)
  object space 96256K, 24% used [0x0000000081400000,0x0000000082b31120,0x0000000087200000)
 Metaspace       used 48361K, capacity 49188K, committed 49280K, reserved 1093632K
  class space    used 5355K, capacity 5494K, committed 5504K, reserved 1048576K
}
Event: 1068.508 GC heap before
{Heap before GC invocations=26 (full 7):
 PSYoungGen      total 222720K, used 3040K [0x00000000d5c00000, 0x00000000e4300000, 0x0000000100000000)
  eden space 208896K, 0% used [0x00000000d5c00000,0x00000000d5c00000,0x00000000e2800000)
  from space 13824K, 21% used [0x00000000e2800000,0x00000000e2af8080,0x00000000e3580000)
  to   space 13824K, 0% used [0x00000000e3580000,0x00000000e3580000,0x00000000e4300000)
 ParOldGen       total 96256K, used 23748K [0x0000000081400000, 0x0000000087200000, 0x00000000d5c00000)
  object space 96256K, 24% used [0x0000000081400000,0x0000000082b31120,0x0000000087200000)
 Metaspace       used 48361K, capacity 49188K, committed 49280K, reserved 1093632K
  class space    used 5355K, capacity 5494K, committed 5504K, reserved 1048576K
Event: 1068.629 GC heap after
Heap after GC invocations=26 (full 7):
 PSYoungGen      total 222720K, used 0K [0x00000000d5c00000, 0x00000000e4300000, 0x0000000100000000)
  eden space 208896K, 0% used [0x00000000d5c00000,0x00000000d5c00000,0x00000000e2800000)
  from space 13824K, 0% used [0x00000000e2800000,0x00000000e2800000,0x00000000e3580000)
  to   space 13824K, 0% used [0x00000000e3580000,0x00000000e3580000,0x00000000e4300000)
 ParOldGen       total 96256K, used 23962K [0x0000000081400000, 0x0000000087200000, 0x00000000d5c00000)
  object space 96256K, 24% used [0x0000000081400000,0x0000000082b66900,0x0000000087200000)
 Metaspace       used 48289K, capacity 49098K, committed 49280K, reserved 1093632K
  class space    used 5348K, capacity 5480K, committed 5504K, reserved 1048576K
}

